[0.001][INFO]:      ChromeDriver 26.0.1383.0 /usr/local/bin/chromedriver
[0.939][FINE]:      Initializing session with capabilities {
   "browserName": "chrome",
   "chromeOptions": {
      "args": [  ],
      "extensions": [  ]
   },
   "javascriptEnabled": true,
   "platform": "ANY",
   "version": ""
}

[0.940][INFO]:      Launching chrome: /Applications/Google Chrome.app/Contents/MacOS/Google Chrome --disable-hang-monitor --disable-prompt-on-repost --dom-automation --full-memory-crash-report --no-default-browser-check --no-first-run --disable-background-networking --disable-sync --disable-translate --disable-web-resources --safebrowsing-disable-auto-update --safebrowsing-disable-download-protection --disable-client-side-phishing-detection --disable-component-update --disable-default-apps --enable-logging --log-level=1 --use-mock-keychain --ignore-certificate-errors about:blank
[1.706][INFO]:      Connected to Chrome successfully. Version: 30.0.1599.101
[1.710][FINE]:      Command received (/session/97ae90a4ee9224e8add8506f4bc35e41)
[1.710][FINE]:      Command finished (/session/97ae90a4ee9224e8add8506f4bc35e41) with response {
   "sessionId": "97ae90a4ee9224e8add8506f4bc35e41",
   "status": 0,
   "value": {
      "acceptSslCerts": false,
      "applicationCacheEnabled": false,
      "browserConnectionEnabled": false,
      "browserName": "chrome",
      "chrome.chromedriverVersion": "26.0.1383.0",
      "cssSelectorsEnabled": true,
      "databaseEnabled": false,
      "handlesAlerts": true,
      "javascriptEnabled": true,
      "locationContextEnabled": false,
      "nativeEvents": true,
      "platform": "mac",
      "rotatable": false,
      "takesScreenshot": true,
      "version": "30.0.1599.101",
      "webStorageEnabled": true
   }
}

[1.712][FINE]:      Command received (/session/97ae90a4ee9224e8add8506f4bc35e41/url) with params {
   "sessionId": "97ae90a4ee9224e8add8506f4bc35e41",
   "url": "https://canvas.instructure.com/files/24556101/download?download_frd=1&verifier=Qifacul2tp81KabrXP..."
}

[1.712][FINER]:     Waiting for all views to stop loading...
[1.712][FINER]:     Done waiting for all views to stop loading
